

Started GET "/" for 127.0.0.1 at 2017-03-09 18:10:44 +0100
Processing by Rails::WelcomeController#index as HTML
  Rendered /home/dovald/.rvm/gems/ruby-2.2.4/gems/railties-4.2.5/lib/rails/templates/rails/welcome/index.html.erb (13.1ms)
Completed 200 OK in 76ms (Views: 39.6ms | ActiveRecord: 0.0ms)


Started GET "/" for 127.0.0.1 at 2017-03-13 11:53:55 +0100
Processing by Rails::WelcomeController#index as HTML
  Rendered /home/dovald/.rvm/gems/ruby-2.2.4/gems/railties-4.2.5/lib/rails/templates/rails/welcome/index.html.erb (10.5ms)
Completed 200 OK in 182ms (Views: 122.7ms | ActiveRecord: 0.0ms)


Started GET "/" for 127.0.0.1 at 2017-03-13 12:08:24 +0100
Processing by AboutController#index as HTML
  Rendered about/index.html.erb within layouts/application (4.7ms)
Completed 200 OK in 3338ms (Views: 3308.1ms | ActiveRecord: 0.0ms)


Started GET "/assets/about.self-e3b0c44298fc1c149afbf4c8996fb92427ae41e4649b934ca495991b7852b855.css?body=1" for 127.0.0.1 at 2017-03-13 12:08:28 +0100


Started GET "/assets/jquery.self-bd7ddd393353a8d2480a622e80342adf488fb6006d667e8b42e4c0073393abee.js?body=1" for 127.0.0.1 at 2017-03-13 12:08:28 +0100


Started GET "/assets/jquery_ujs.self-784a997f6726036b1993eb2217c9cb558e1cbb801c6da88105588c56f13b466a.js?body=1" for 127.0.0.1 at 2017-03-13 12:08:28 +0100


Started GET "/assets/application.self-e80e8f2318043e8af94dddc2adad5a4f09739a8ebb323b3ab31cd71d45fd9113.css?body=1" for 127.0.0.1 at 2017-03-13 12:08:28 +0100


Started GET "/assets/turbolinks.self-c5acd7a204f5f25ce7a1d8a0e4d92e28d34c9e2df2c7371cd7af88e147e4ad82.js?body=1" for 127.0.0.1 at 2017-03-13 12:08:28 +0100


Started GET "/assets/about.self-877aef30ae1b040ab8a3aba4e3e309a11d7f2612f44dde450b5c157aa5f95c05.js?body=1" for 127.0.0.1 at 2017-03-13 12:08:28 +0100


Started GET "/assets/application.self-3b8dabdc891efe46b9a144b400ad69e37d7e5876bdc39dee783419a69d7ca819.js?body=1" for 127.0.0.1 at 2017-03-13 12:08:28 +0100


Started GET "/" for 127.0.0.1 at 2017-03-13 12:24:40 +0100
Processing by AboutController#index as HTML
  Rendered about/index.html.erb within layouts/application (3.9ms)
Completed 200 OK in 688ms (Views: 655.1ms | ActiveRecord: 0.0ms)


Started GET "/stylesheets/style.css" for 127.0.0.1 at 2017-03-13 12:24:41 +0100

ActionController::RoutingError (No route matches [GET] "/stylesheets/style.css"):
  actionpack (4.2.5) lib/action_dispatch/middleware/debug_exceptions.rb:21:in `call'
  web-console (2.3.0) lib/web_console/middleware.rb:28:in `block in call'
  web-console (2.3.0) lib/web_console/middleware.rb:18:in `catch'
  web-console (2.3.0) lib/web_console/middleware.rb:18:in `call'
  actionpack (4.2.5) lib/action_dispatch/middleware/show_exceptions.rb:30:in `call'
  railties (4.2.5) lib/rails/rack/logger.rb:38:in `call_app'
  railties (4.2.5) lib/rails/rack/logger.rb:20:in `block in call'
  activesupport (4.2.5) lib/active_support/tagged_logging.rb:68:in `block in tagged'
  activesupport (4.2.5) lib/active_support/tagged_logging.rb:26:in `tagged'
  activesupport (4.2.5) lib/active_support/tagged_logging.rb:68:in `tagged'
  railties (4.2.5) lib/rails/rack/logger.rb:20:in `call'
  actionpack (4.2.5) lib/action_dispatch/middleware/request_id.rb:21:in `call'
  rack (1.6.5) lib/rack/methodoverride.rb:22:in `call'
  rack (1.6.5) lib/rack/runtime.rb:18:in `call'
  activesupport (4.2.5) lib/active_support/cache/strategy/local_cache_middleware.rb:28:in `call'
  rack (1.6.5) lib/rack/lock.rb:17:in `call'
  actionpack (4.2.5) lib/action_dispatch/middleware/static.rb:116:in `call'
  rack (1.6.5) lib/rack/sendfile.rb:113:in `call'
  railties (4.2.5) lib/rails/engine.rb:518:in `call'
  railties (4.2.5) lib/rails/application.rb:165:in `call'
  rack (1.6.5) lib/rack/lock.rb:17:in `call'
  rack (1.6.5) lib/rack/content_length.rb:15:in `call'
  rack (1.6.5) lib/rack/handler/webrick.rb:88:in `service'
  /home/dovald/.rvm/rubies/ruby-2.2.4/lib/ruby/2.2.0/webrick/httpserver.rb:138:in `service'
  /home/dovald/.rvm/rubies/ruby-2.2.4/lib/ruby/2.2.0/webrick/httpserver.rb:94:in `run'
  /home/dovald/.rvm/rubies/ruby-2.2.4/lib/ruby/2.2.0/webrick/server.rb:294:in `block in start_thread'


  Rendered /home/dovald/.rvm/gems/ruby-2.2.4/gems/actionpack-4.2.5/lib/action_dispatch/middleware/templates/rescues/_trace.html.erb (6.7ms)
  Rendered /home/dovald/.rvm/gems/ruby-2.2.4/gems/actionpack-4.2.5/lib/action_dispatch/middleware/templates/routes/_route.html.erb (3.4ms)
  Rendered /home/dovald/.rvm/gems/ruby-2.2.4/gems/actionpack-4.2.5/lib/action_dispatch/middleware/templates/routes/_table.html.erb (46.4ms)
  Rendered /home/dovald/.rvm/gems/ruby-2.2.4/gems/actionpack-4.2.5/lib/action_dispatch/middleware/templates/rescues/_request_and_response.html.erb (6.4ms)
  Rendered /home/dovald/.rvm/gems/ruby-2.2.4/gems/actionpack-4.2.5/lib/action_dispatch/middleware/templates/rescues/routing_error.html.erb within rescues/layout (155.8ms)
  Rendered /home/dovald/.rvm/gems/ruby-2.2.4/gems/web-console-2.3.0/lib/web_console/templates/_markup.html.erb (2.9ms)
  Rendered /home/dovald/.rvm/gems/ruby-2.2.4/gems/web-console-2.3.0/lib/web_console/templates/_inner_console_markup.html.erb within layouts/inlined_string (1.8ms)
  Rendered /home/dovald/.rvm/gems/ruby-2.2.4/gems/web-console-2.3.0/lib/web_console/templates/_prompt_box_markup.html.erb within layouts/inlined_string (1.5ms)
  Rendered /home/dovald/.rvm/gems/ruby-2.2.4/gems/web-console-2.3.0/lib/web_console/templates/style.css.erb within layouts/inlined_string (1.2ms)
  Rendered /home/dovald/.rvm/gems/ruby-2.2.4/gems/web-console-2.3.0/lib/web_console/templates/console.js.erb within layouts/javascript (155.0ms)
  Rendered /home/dovald/.rvm/gems/ruby-2.2.4/gems/web-console-2.3.0/lib/web_console/templates/main.js.erb within layouts/javascript (3.0ms)
  Rendered /home/dovald/.rvm/gems/ruby-2.2.4/gems/web-console-2.3.0/lib/web_console/templates/error_page.js.erb within layouts/javascript (1.6ms)
  Rendered /home/dovald/.rvm/gems/ruby-2.2.4/gems/web-console-2.3.0/lib/web_console/templates/index.html.erb (241.9ms)


Started GET "/" for 127.0.0.1 at 2017-03-13 12:27:52 +0100
Processing by AboutController#index as HTML
  Rendered about/index.html.erb within layouts/application (0.2ms)
Completed 200 OK in 21ms (Views: 18.0ms | ActiveRecord: 0.0ms)


Started GET "/" for 127.0.0.1 at 2017-03-13 12:30:25 +0100
Processing by AboutController#index as HTML
  Rendered about/index.html.erb within layouts/application (0.2ms)
Completed 200 OK in 27ms (Views: 24.8ms | ActiveRecord: 0.0ms)


Started GET "/" for 127.0.0.1 at 2017-03-13 12:31:43 +0100
Processing by AboutController#index as HTML
  Rendered about/index.html.erb within layouts/application (3.7ms)
Completed 200 OK in 649ms (Views: 613.0ms | ActiveRecord: 0.0ms)


Started GET "/" for 127.0.0.1 at 2017-03-13 12:35:48 +0100
Processing by AboutController#index as HTML
  Rendered about/index.html.erb within layouts/application (0.2ms)
Completed 200 OK in 17ms (Views: 13.5ms | ActiveRecord: 0.0ms)


Started GET "/" for 127.0.0.1 at 2017-03-13 12:35:49 +0100
Processing by AboutController#index as HTML
  Rendered about/index.html.erb within layouts/application (0.1ms)
Completed 200 OK in 27ms (Views: 23.6ms | ActiveRecord: 0.0ms)


Started GET "/" for 127.0.0.1 at 2017-03-13 12:39:13 +0100
Processing by AboutController#index as HTML
  Rendered about/index.html.erb within layouts/application (0.1ms)
Completed 500 Internal Server Error in 10ms (ActiveRecord: 0.0ms)

SyntaxError (/home/dovald/projects/eshop1/app/views/layouts/application.html.erb:9: syntax error, unexpected '<'
...reeze;@output_buffer.append=( <h1>#{@page_title}</h1> if @pa...
...                               ^
/home/dovald/projects/eshop1/app/views/layouts/application.html.erb:11: syntax error, unexpected '<', expecting ')'
</body>
 ^
/home/dovald/projects/eshop1/app/views/layouts/application.html.erb:12: unknown regexp options - htl
/home/dovald/projects/eshop1/app/views/layouts/application.html.erb:13: unterminated string meets end of file
/home/dovald/projects/eshop1/app/views/layouts/application.html.erb:13: syntax error, unexpected end-of-input, expecting ')'):
  app/views/layouts/application.html.erb:9: syntax error, unexpected '<'
  app/views/layouts/application.html.erb:11: syntax error, unexpected '<', expecting ')'
  app/views/layouts/application.html.erb:12: unknown regexp options - htl
  app/views/layouts/application.html.erb:13: unterminated string meets end of file
  app/views/layouts/application.html.erb:13: syntax error, unexpected end-of-input, expecting ')'


  Rendered /home/dovald/.rvm/gems/ruby-2.2.4/gems/actionpack-4.2.5/lib/action_dispatch/middleware/templates/rescues/_source.erb (39.2ms)
  Rendered /home/dovald/.rvm/gems/ruby-2.2.4/gems/actionpack-4.2.5/lib/action_dispatch/middleware/templates/rescues/_trace.html.erb (14.6ms)
  Rendered /home/dovald/.rvm/gems/ruby-2.2.4/gems/actionpack-4.2.5/lib/action_dispatch/middleware/templates/rescues/_request_and_response.html.erb (3.9ms)
  Rendered /home/dovald/.rvm/gems/ruby-2.2.4/gems/actionpack-4.2.5/lib/action_dispatch/middleware/templates/rescues/diagnostics.html.erb within rescues/layout (116.5ms)
  Rendered /home/dovald/.rvm/gems/ruby-2.2.4/gems/web-console-2.3.0/lib/web_console/templates/_markup.html.erb (1.7ms)
  Rendered /home/dovald/.rvm/gems/ruby-2.2.4/gems/web-console-2.3.0/lib/web_console/templates/_inner_console_markup.html.erb within layouts/inlined_string (1.5ms)
  Rendered /home/dovald/.rvm/gems/ruby-2.2.4/gems/web-console-2.3.0/lib/web_console/templates/_prompt_box_markup.html.erb within layouts/inlined_string (1.6ms)
  Rendered /home/dovald/.rvm/gems/ruby-2.2.4/gems/web-console-2.3.0/lib/web_console/templates/style.css.erb within layouts/inlined_string (1.5ms)
  Rendered /home/dovald/.rvm/gems/ruby-2.2.4/gems/web-console-2.3.0/lib/web_console/templates/console.js.erb within layouts/javascript (82.5ms)
  Rendered /home/dovald/.rvm/gems/ruby-2.2.4/gems/web-console-2.3.0/lib/web_console/templates/main.js.erb within layouts/javascript (1.3ms)
  Rendered /home/dovald/.rvm/gems/ruby-2.2.4/gems/web-console-2.3.0/lib/web_console/templates/error_page.js.erb within layouts/javascript (1.5ms)
  Rendered /home/dovald/.rvm/gems/ruby-2.2.4/gems/web-console-2.3.0/lib/web_console/templates/index.html.erb (147.5ms)


Started GET "/" for 127.0.0.1 at 2017-03-13 12:40:44 +0100
Processing by AboutController#index as HTML
  Rendered about/index.html.erb within layouts/application (0.3ms)
Completed 200 OK in 30ms (Views: 27.6ms | ActiveRecord: 0.0ms)


Started GET "/" for 127.0.0.1 at 2017-03-13 13:00:54 +0100
Processing by AboutController#index as HTML
  Rendered about/index.html.erb within layouts/application (3.9ms)
Completed 200 OK in 643ms (Views: 611.5ms | ActiveRecord: 0.0ms)


Started GET "/" for 127.0.0.1 at 2017-03-13 13:01:23 +0100
Processing by AboutController#index as HTML
  Rendered about/index.html.erb within layouts/application (0.2ms)
Completed 200 OK in 16ms (Views: 14.5ms | ActiveRecord: 0.0ms)


Started GET "/" for 127.0.0.1 at 2017-03-13 13:03:07 +0100
Processing by AboutController#index as HTML
  Rendered about/index.html.erb within layouts/application (0.3ms)
Completed 200 OK in 18ms (Views: 16.9ms | ActiveRecord: 0.0ms)


Started GET "/" for 127.0.0.1 at 2017-03-13 13:06:02 +0100
Processing by AboutController#index as HTML
  Rendered about/index.html.erb within layouts/application (4.1ms)
Completed 200 OK in 759ms (Views: 723.0ms | ActiveRecord: 0.0ms)


Started GET "/" for 127.0.0.1 at 2017-03-13 13:11:17 +0100
Processing by AboutController#index as HTML
  Rendered about/index.html.erb within layouts/application (4.0ms)
Completed 200 OK in 726ms (Views: 694.7ms | ActiveRecord: 0.0ms)


Started GET "/" for 127.0.0.1 at 2017-03-13 13:12:53 +0100
Processing by AboutController#index as HTML
  Rendered about/index.html.erb within layouts/application (0.3ms)
Completed 200 OK in 417ms (Views: 415.0ms | ActiveRecord: 0.0ms)


Started GET "/assets/about.self-e3b0c44298fc1c149afbf4c8996fb92427ae41e4649b934ca495991b7852b855.css?body=1" for 127.0.0.1 at 2017-03-13 13:12:53 +0100


Started GET "/assets/style.self-28c50fed0fbf40c4e00e2c6a9dc7872cb7466e25803d031cd7fc5cb4ba105fd8.css?body=1" for 127.0.0.1 at 2017-03-13 13:12:53 +0100


Started GET "/assets/application.self-e80e8f2318043e8af94dddc2adad5a4f09739a8ebb323b3ab31cd71d45fd9113.css?body=1" for 127.0.0.1 at 2017-03-13 13:12:54 +0100


Started GET "/assets/jquery.self-bd7ddd393353a8d2480a622e80342adf488fb6006d667e8b42e4c0073393abee.js?body=1" for 127.0.0.1 at 2017-03-13 13:12:54 +0100


Started GET "/assets/application.self-3b8dabdc891efe46b9a144b400ad69e37d7e5876bdc39dee783419a69d7ca819.js?body=1" for 127.0.0.1 at 2017-03-13 13:12:54 +0100


Started GET "/assets/jquery_ujs.self-784a997f6726036b1993eb2217c9cb558e1cbb801c6da88105588c56f13b466a.js?body=1" for 127.0.0.1 at 2017-03-13 13:12:54 +0100


Started GET "/assets/turbolinks.self-c5acd7a204f5f25ce7a1d8a0e4d92e28d34c9e2df2c7371cd7af88e147e4ad82.js?body=1" for 127.0.0.1 at 2017-03-13 13:12:54 +0100


Started GET "/assets/about.self-877aef30ae1b040ab8a3aba4e3e309a11d7f2612f44dde450b5c157aa5f95c05.js?body=1" for 127.0.0.1 at 2017-03-13 13:12:54 +0100
